This file contains any messages produced by compilers while
running configure, to aid debugging if configure makes a mistake.

It was created by PDCurses configure 3.4, which was
generated by GNU Autoconf 2.61.  Invocation command line was

  $ configure 

## --------- ##
## Platform. ##
## --------- ##

hostname = jaderabbit
uname -m = i686
uname -r = 1.0.18(0.48/3/2)
uname -s = MINGW32_NT-6.2
uname -v = 2012-11-21 22:34

/usr/bin/uname -p = unknown
/bin/uname -X     = unknown

/bin/arch              = unknown
/usr/bin/arch -k       = unknown
/usr/convex/getsysinfo = unknown
/usr/bin/hostinfo      = unknown
/bin/machine           = unknown
/usr/bin/oslevel       = unknown
/bin/universe          = unknown

PATH: /d/mingw/bin
PATH: /usr/bin
PATH: "d
PATH: /Program Files (x86)/CMake/bin"
PATH: /c/GTK/bin
PATH: /c/WINDOWS/system32
PATH: /c/WINDOWS
PATH: /c/WINDOWS/System32/Wbem
PATH: /c/WINDOWS/System32/WindowsPowerShell/v1.0/
PATH: /d/dropbox/bin
PATH: /c/Program Files (x86)/NVIDIA Corporation/PhysX/Common
PATH: /c/Program Files/SourceGear/Common/DiffMerge/
PATH: /c/Program Files (x86)/Windows Kits/10/Windows Performance Toolkit/
PATH: /c/WINDOWS/system32
PATH: /c/WINDOWS
PATH: /c/WINDOWS/System32/Wbem
PATH: /c/WINDOWS/System32/WindowsPowerShell/v1.0/
PATH: /c/Program Files/Microsoft SQL Server/Client SDK/ODBC/130/Tools/Binn/
PATH: /c/Program Files/Microsoft SQL Server/120/Tools/Binn/
PATH: .
PATH: /c/Program Files (x86)/Firstworks/bin
PATH: /c/Program Files (x86)/Microsoft SQL Server/80/Tools/BINN
PATH: /c/Program Files/smartmontools/bin
PATH: /c/Users/jason/AppData/Local/Microsoft/WindowsApps
PATH: .


## ----------- ##
## Core tests. ##
## ----------- ##

configure:1796: checking for gcc
configure:1812: found /d/mingw/bin/gcc
configure:1823: result: gcc
configure:2061: checking for C compiler version
configure:2068: gcc --version >&5
gcc.exe (tdm-1) 5.1.0
Copyright (C) 2015 Free Software Foundation, Inc.
This is free software; see the source for copying conditions.  There is NO
warranty; not even for MERCHANTABILITY or FITNESS FOR A PARTICULAR PURPOSE.

configure:2071: $? = 0
configure:2078: gcc -v >&5
Using built-in specs.
COLLECT_GCC=d:\mingw\bin\gcc.exe
COLLECT_LTO_WRAPPER=d:/mingw/bin/../libexec/gcc/mingw32/5.1.0/lto-wrapper.exe
Target: mingw32
Configured with: ../../../src/gcc-5.1.0/configure --build=mingw32 --enable-languages=ada,c,c++,fortran,lto,objc,obj-c++ --enable-libgomp --enable-lto --enable-graphite --enable-libstdcxx-debug --enable-threads=posix --enable-version-specific-runtime-libs --enable-fully-dynamic-string --enable-libstdcxx-threads --enable-libstdcxx-time --with-gnu-ld --disable-werror --disable-nls --disable-win32-registry --disable-symvers --enable-cxx-flags='-fno-function-sections -fno-data-sections -DWINPTHREAD_STATIC' --prefix=/mingw32tdm --with-local-prefix=/mingw32tdm --with-pkgversion=tdm-1 --enable-sjlj-exceptions --with-bugurl=http://tdm-gcc.tdragon.net/bugs
Thread model: posix
gcc version 5.1.0 (tdm-1) 
configure:2081: $? = 0
configure:2088: gcc -V >&5
gcc.exe: error: unrecognized command line option '-V'
gcc.exe: fatal error: no input files
compilation terminated.
configure:2091: $? = 1
configure:2114: checking for C compiler default output file name
configure:2141: gcc    conftest.c  >&5
configure:2144: $? = 0
configure:2182: result: a.exe
configure:2199: checking whether the C compiler works
configure:2209: ./a.exe
configure:2212: $? = 0
configure:2229: result: yes
configure:2236: checking whether we are cross compiling
configure:2238: result: no
configure:2241: checking for suffix of executables
configure:2248: gcc -o conftest.exe    conftest.c  >&5
configure:2251: $? = 0
configure:2275: result: .exe
configure:2281: checking for suffix of object files
configure:2307: gcc -c   conftest.c >&5
configure:2310: $? = 0
configure:2333: result: o
configure:2337: checking whether we are using the GNU C compiler
configure:2366: gcc -c   conftest.c >&5
configure:2372: $? = 0
configure:2389: result: yes
configure:2394: checking whether gcc accepts -g
configure:2424: gcc -c -g  conftest.c >&5
configure:2430: $? = 0
configure:2529: result: yes
configure:2546: checking for gcc option to accept ISO C89
configure:2620: gcc  -c -g -O2  conftest.c >&5
configure:2626: $? = 0
configure:2649: result: none needed
configure:2707: checking build system type
configure:2725: result: i686-pc-mingw32
configure:2747: checking host system type
configure:2762: result: i686-pc-mingw32
configure:2784: checking target system type
configure:2799: result: i686-pc-mingw32
configure:2856: checking for maximum signal specifier:
configure:2885: gcc -c -g -O2   conftest.c >&5
configure:2891: $? = 0
configure:2921: result: NSIG
configure:2969: checking for ranlib
configure:2985: found /d/mingw/bin/ranlib
configure:2996: result: ranlib
configure:3035: checking for a BSD-compatible install
configure:3091: result: /usr/bin/install -c
configure:3102: checking whether make sets $(MAKE)
configure:3123: result: yes
configure:3138: checking how to run the C preprocessor
configure:3178: gcc -E  conftest.c
configure:3184: $? = 0
configure:3215: gcc -E  conftest.c
conftest.c:9:28: fatal error: ac_nonexistent.h: No such file or directory
compilation terminated.
configure:3221: $? = 1
configure: failed program was:
| /* confdefs.h.  */
| #define PACKAGE_NAME "PDCurses"
| #define PACKAGE_TARNAME "PDCurses"
| #define PACKAGE_VERSION "3.4"
| #define PACKAGE_STRING "PDCurses 3.4"
| #define PACKAGE_BUGREPORT "wmcbrine@users.sf.net"
| #define PDC_MAX_SIGNALS NSIG
| /* end confdefs.h.  */
| #include <ac_nonexistent.h>
configure:3254: result: gcc -E
configure:3283: gcc -E  conftest.c
configure:3289: $? = 0
configure:3320: gcc -E  conftest.c
conftest.c:9:28: fatal error: ac_nonexistent.h: No such file or directory
compilation terminated.
configure:3326: $? = 1
configure: failed program was:
| /* confdefs.h.  */
| #define PACKAGE_NAME "PDCurses"
| #define PACKAGE_TARNAME "PDCurses"
| #define PACKAGE_VERSION "3.4"
| #define PACKAGE_STRING "PDCurses 3.4"
| #define PACKAGE_BUGREPORT "wmcbrine@users.sf.net"
| #define PDC_MAX_SIGNALS NSIG
| /* end confdefs.h.  */
| #include <ac_nonexistent.h>
configure:3364: checking for grep that handles long lines and -e
configure:3438: result: /usr/bin/grep
configure:3443: checking for egrep
configure:3521: result: /usr/bin/grep -E
configure:3526: checking for ANSI C header files
configure:3556: gcc -c -g -O2  conftest.c >&5
configure:3562: $? = 0
configure:3661: gcc -o conftest.exe -g -O2   conftest.c  >&5
configure:3664: $? = 0
configure:3670: ./conftest.exe
configure:3673: $? = 0
configure:3690: result: yes
configure:3714: checking for sys/types.h
configure:3735: gcc -c -g -O2  conftest.c >&5
configure:3741: $? = 0
configure:3757: result: yes
configure:3714: checking for sys/stat.h
configure:3735: gcc -c -g -O2  conftest.c >&5
configure:3741: $? = 0
configure:3757: result: yes
configure:3714: checking for stdlib.h
configure:3735: gcc -c -g -O2  conftest.c >&5
configure:3741: $? = 0
configure:3757: result: yes
configure:3714: checking for string.h
configure:3735: gcc -c -g -O2  conftest.c >&5
configure:3741: $? = 0
configure:3757: result: yes
configure:3714: checking for memory.h
configure:3735: gcc -c -g -O2  conftest.c >&5
configure:3741: $? = 0
configure:3757: result: yes
configure:3714: checking for strings.h
configure:3735: gcc -c -g -O2  conftest.c >&5
configure:3741: $? = 0
configure:3757: result: yes
configure:3714: checking for inttypes.h
configure:3735: gcc -c -g -O2  conftest.c >&5
configure:3741: $? = 0
configure:3757: result: yes
configure:3714: checking for stdint.h
configure:3735: gcc -c -g -O2  conftest.c >&5
configure:3741: $? = 0
configure:3757: result: yes
configure:3714: checking for unistd.h
configure:3735: gcc -c -g -O2  conftest.c >&5
configure:3741: $? = 0
configure:3757: result: yes
configure:3780: checking sys/ipc.h usability
configure:3797: gcc -c -g -O2  conftest.c >&5
conftest.c:52:21: fatal error: sys/ipc.h: No such file or directory
compilation terminated.
configure:3803: $? = 1
configure: failed program was:
| /* confdefs.h.  */
| #define PACKAGE_NAME "PDCurses"
| #define PACKAGE_TARNAME "PDCurses"
| #define PACKAGE_VERSION "3.4"
| #define PACKAGE_STRING "PDCurses 3.4"
| #define PACKAGE_BUGREPORT "wmcbrine@users.sf.net"
| #define PDC_MAX_SIGNALS NSIG
| #define STDC_HEADERS 1
| #define HAVE_SYS_TYPES_H 1
| #define HAVE_SYS_STAT_H 1
| #define HAVE_STDLIB_H 1
| #define HAVE_STRING_H 1
| #define HAVE_MEMORY_H 1
| #define HAVE_STRINGS_H 1
| #define HAVE_INTTYPES_H 1
| #define HAVE_STDINT_H 1
| #define HAVE_UNISTD_H 1
| /* end confdefs.h.  */
| #include <stdio.h>
| #ifdef HAVE_SYS_TYPES_H
| # include <sys/types.h>
| #endif
| #ifdef HAVE_SYS_STAT_H
| # include <sys/stat.h>
| #endif
| #ifdef STDC_HEADERS
| # include <stdlib.h>
| # include <stddef.h>
| #else
| # ifdef HAVE_STDLIB_H
| #  include <stdlib.h>
| # endif
| #endif
| #ifdef HAVE_STRING_H
| # if !defined STDC_HEADERS && defined HAVE_MEMORY_H
| #  include <memory.h>
| # endif
| # include <string.h>
| #endif
| #ifdef HAVE_STRINGS_H
| # include <strings.h>
| #endif
| #ifdef HAVE_INTTYPES_H
| # include <inttypes.h>
| #endif
| #ifdef HAVE_STDINT_H
| # include <stdint.h>
| #endif
| #ifdef HAVE_UNISTD_H
| # include <unistd.h>
| #endif
| #include <sys/ipc.h>
configure:3817: result: no
configure:3821: checking sys/ipc.h presence
configure:3836: gcc -E  conftest.c
conftest.c:19:21: fatal error: sys/ipc.h: No such file or directory
compilation terminated.
configure:3842: $? = 1
configure: failed program was:
| /* confdefs.h.  */
| #define PACKAGE_NAME "PDCurses"
| #define PACKAGE_TARNAME "PDCurses"
| #define PACKAGE_VERSION "3.4"
| #define PACKAGE_STRING "PDCurses 3.4"
| #define PACKAGE_BUGREPORT "wmcbrine@users.sf.net"
| #define PDC_MAX_SIGNALS NSIG
| #define STDC_HEADERS 1
| #define HAVE_SYS_TYPES_H 1
| #define HAVE_SYS_STAT_H 1
| #define HAVE_STDLIB_H 1
| #define HAVE_STRING_H 1
| #define HAVE_MEMORY_H 1
| #define HAVE_STRINGS_H 1
| #define HAVE_INTTYPES_H 1
| #define HAVE_STDINT_H 1
| #define HAVE_UNISTD_H 1
| /* end confdefs.h.  */
| #include <sys/ipc.h>
configure:3856: result: no
configure:3889: checking for sys/ipc.h
configure:3896: result: no
configure:3903: error: Cannot find required header file sys/ipc.h; PDCurses cannot be configured

## ---------------- ##
## Cache variables. ##
## ---------------- ##

ac_cv_build=i686-pc-mingw32
ac_cv_c_compiler_gnu=yes
ac_cv_env_CC_set=
ac_cv_env_CC_value=
ac_cv_env_CFLAGS_set=
ac_cv_env_CFLAGS_value=
ac_cv_env_CPPFLAGS_set=
ac_cv_env_CPPFLAGS_value=
ac_cv_env_CPP_set=
ac_cv_env_CPP_value=
ac_cv_env_LDFLAGS_set=
ac_cv_env_LDFLAGS_value=
ac_cv_env_LIBS_set=
ac_cv_env_LIBS_value=
ac_cv_env_XMKMF_set=
ac_cv_env_XMKMF_value=
ac_cv_env_build_alias_set=
ac_cv_env_build_alias_value=
ac_cv_env_host_alias_set=
ac_cv_env_host_alias_value=
ac_cv_env_target_alias_set=
ac_cv_env_target_alias_value=
ac_cv_exeext=.exe
ac_cv_header_inttypes_h=yes
ac_cv_header_memory_h=yes
ac_cv_header_stdc=yes
ac_cv_header_stdint_h=yes
ac_cv_header_stdlib_h=yes
ac_cv_header_string_h=yes
ac_cv_header_strings_h=yes
ac_cv_header_sys_ipc_h=no
ac_cv_header_sys_stat_h=yes
ac_cv_header_sys_types_h=yes
ac_cv_header_unistd_h=yes
ac_cv_host=i686-pc-mingw32
ac_cv_objext=o
ac_cv_path_EGREP='/usr/bin/grep -E'
ac_cv_path_GREP=/usr/bin/grep
ac_cv_path_install='/usr/bin/install -c'
ac_cv_prog_CPP='gcc -E'
ac_cv_prog_ac_ct_CC=gcc
ac_cv_prog_ac_ct_RANLIB=ranlib
ac_cv_prog_cc_c89=
ac_cv_prog_cc_g=yes
ac_cv_prog_make_make_set=yes
ac_cv_target=i686-pc-mingw32
mh_cv_max_signals=NSIG

## ----------------- ##
## Output variables. ##
## ----------------- ##

CC2O=''
CC='gcc'
CFLAGS='-g -O2'
CPP='gcc -E'
CPPFLAGS=''
DEFS=''
DYN_COMP=''
ECHO_C=''
ECHO_N='-n'
ECHO_T=''
EGREP='/usr/bin/grep -E'
EXEEXT='.exe'
GREP='/usr/bin/grep'
INSTALL_DATA='${INSTALL} -m 644'
INSTALL_PROGRAM='${INSTALL}'
INSTALL_SCRIPT='${INSTALL}'
LDFLAGS=''
LD_RXLIB1=''
LIBOBJS=''
LIBS=''
LTLIBOBJS=''
MH_EXTRA_LIBS=''
MH_XINC_DIR=''
MH_XLIBS=''
O2SAVE=''
OBJEXT='o'
PACKAGE_BUGREPORT='wmcbrine@users.sf.net'
PACKAGE_NAME='PDCurses'
PACKAGE_STRING='PDCurses 3.4'
PACKAGE_TARNAME='PDCurses'
PACKAGE_VERSION='3.4'
PATH_SEPARATOR=':'
PURIFY=''
RANLIB='ranlib'
RXPACKEXPORTS=''
SAVE2O=''
SET_MAKE=''
SHELL='/bin/sh'
SHLPRE=''
SHLPST=''
SHL_TARGETS=''
SYS_DEFS=''
XMKMF=''
ac_ct_CC='gcc'
bindir='${exec_prefix}/bin'
build='i686-pc-mingw32'
build_alias=''
build_cpu='i686'
build_os='mingw32'
build_vendor='pc'
datadir='${datarootdir}'
datarootdir='${prefix}/share'
docdir='${datarootdir}/doc/${PACKAGE_TARNAME}'
dvidir='${docdir}'
exec_prefix='NONE'
host='i686-pc-mingw32'
host_alias=''
host_cpu='i686'
host_os='mingw32'
host_vendor='pc'
htmldir='${docdir}'
includedir='${prefix}/include'
infodir='${datarootdir}/info'
libdir='${exec_prefix}/lib'
libexecdir='${exec_prefix}/libexec'
localedir='${datarootdir}/locale'
localstatedir='${prefix}/var'
mandir='${datarootdir}/man'
oldincludedir='/usr/include'
pdfdir='${docdir}'
prefix='NONE'
program_transform_name='s,x,x,'
psdir='${docdir}'
sbindir='${exec_prefix}/sbin'
sharedstatedir='${prefix}/com'
sysconfdir='${prefix}/etc'
target='i686-pc-mingw32'
target_alias=''
target_cpu='i686'
target_os='mingw32'
target_vendor='pc'

## ----------- ##
## confdefs.h. ##
## ----------- ##

#define PACKAGE_NAME "PDCurses"
#define PACKAGE_TARNAME "PDCurses"
#define PACKAGE_VERSION "3.4"
#define PACKAGE_STRING "PDCurses 3.4"
#define PACKAGE_BUGREPORT "wmcbrine@users.sf.net"
#define PDC_MAX_SIGNALS NSIG
#define STDC_HEADERS 1
#define HAVE_SYS_TYPES_H 1
#define HAVE_SYS_STAT_H 1
#define HAVE_STDLIB_H 1
#define HAVE_STRING_H 1
#define HAVE_MEMORY_H 1
#define HAVE_STRINGS_H 1
#define HAVE_INTTYPES_H 1
#define HAVE_STDINT_H 1
#define HAVE_UNISTD_H 1

configure: exit 1
